android/app/build/intermediates/manifest_merge_blame_file/debug/manifest-merger-blame-debug-report.txt
1<?xml version="1.0" encoding="utf-8"?>
2<manifest xmlns:android="http://schemas.android.com/apk/res/android"
3    package="com.itel_mobile"
4    android:targetSandboxVersion="1"
5    android:versionCode="1"
6    android:versionName="1.2.18.Production" >
7
8    <uses-sdk
9        android:minSdkVersion="21"
10        android:targetSdkVersion="31" />
11
12    <uses-permission android:name="android.permission.SYSTEM_ALERT_WINDOW" />
12-->src/debug/AndroidManifest.xml:5:5-77
12-->src/debug/AndroidManifest.xml:5:22-75
13    <uses-permission android:name="android.permission.INTERNET" />
13-->src/main/AndroidManifest.xml:6:5-67
13-->src/main/AndroidManifest.xml:6:22-64
14    <uses-permission android:name="android.permission.ACCESS_NETWORK_STATE" />
14-->src/main/AndroidManifest.xml:7:5-79
14-->src/main/AndroidManifest.xml:7:22-76
15    <uses-permission android:name="android.permission.CAMERA" />
15-->src/main/AndroidManifest.xml:8:5-65
15-->src/main/AndroidManifest.xml:8:22-62
16
17    <uses-feature android:name="android.hardware.camera" />
17-->src/main/AndroidManifest.xml:10:5-60
17-->src/main/AndroidManifest.xml:10:19-57
18
19    <uses-permission android:name="android.permission.READ_SMS" />
19-->src/main/AndroidManifest.xml:11:5-67
19-->src/main/AndroidManifest.xml:11:22-64
20    <uses-permission android:name="android.permission.WRITE_EXTERNAL_STORAGE" />
20-->src/main/AndroidManifest.xml:12:5-81
20-->src/main/AndroidManifest.xml:12:22-78
21    <uses-permission android:name="android.permission.ACCESS_WIFI_STATE" />
21-->[com.facebook.flipper:flipper:0.99.0] AndroidManifest.xml:16:5-76
21-->[com.facebook.flipper:flipper:0.99.0] AndroidManifest.xml:16:22-73
22    <uses-permission android:name="android.permission.WAKE_LOCK" />
22-->[:react-native-firebase_analytics] AndroidManifest.xml:11:5-68
22-->[:react-native-firebase_analytics] AndroidManifest.xml:11:22-65
23    <uses-permission android:name="android.permission.USE_BIOMETRIC" />
23-->[:react-native-keychain] AndroidManifest.xml:9:5-72
23-->[:react-native-keychain] AndroidManifest.xml:9:22-69
24    <uses-permission android:name="android.permission.USE_FINGERPRINT" />
24-->[:react-native-keychain] AndroidManifest.xml:10:5-74
24-->[:react-native-keychain] AndroidManifest.xml:10:22-71
25    <uses-permission android:name="com.zing.zalo.permission.ACCESS_THIRD_PARTY_APP_AUTHORIZATION" />
25-->[me.zalo:sdk-auth:2.6.0428] AndroidManifest.xml:12:5-101
25-->[me.zalo:sdk-auth:2.6.0428] AndroidManifest.xml:12:22-98
26
27    <queries>
27-->[com.google.firebase:firebase-inappmessaging-display:20.1.1] AndroidManifest.xml:14:5-20:15
28        <intent>
28-->[com.google.firebase:firebase-inappmessaging-display:20.1.1] AndroidManifest.xml:15:9-19:18
29            <action android:name="android.intent.action.VIEW" />
29-->src/main/AndroidManifest.xml:69:17-68
29-->src/main/AndroidManifest.xml:69:25-66
30
31            <data android:scheme="https" />
31-->src/main/AndroidManifest.xml:72:17-59
31-->src/main/AndroidManifest.xml:72:23-55
32        </intent>
33    </queries>
34
35    <uses-feature
35-->[:ekyc_sdk] AndroidManifest.xml:15:5-17:36
36        android:name="android.hardware.camera2.full"
36-->[:ekyc_sdk] AndroidManifest.xml:16:9-53
37        android:required="false" />
37-->[:ekyc_sdk] AndroidManifest.xml:17:9-33
38    <uses-feature
38-->[:ekyc_sdk] AndroidManifest.xml:18:5-20:36
39        android:name="android.hardware.camera2.autofocus"
39-->[:ekyc_sdk] AndroidManifest.xml:19:9-58
40        android:required="false" />
40-->[:ekyc_sdk] AndroidManifest.xml:20:9-33
41    <uses-feature
41-->[:ekyc_sdk] AndroidManifest.xml:24:5-26:36
42        android:name="android.hardware.camera.autofocus"
42-->[:ekyc_sdk] AndroidManifest.xml:25:9-57
43        android:required="false" />
43-->[:ekyc_sdk] AndroidManifest.xml:26:9-33
44    <uses-feature
44-->[:ekyc_sdk] AndroidManifest.xml:27:5-29:36
45        android:name="android.hardware.camera.front"
45-->[:ekyc_sdk] AndroidManifest.xml:28:9-53
46        android:required="false" />
46-->[:ekyc_sdk] AndroidManifest.xml:29:9-33
47    <uses-feature
47-->[:ekyc_sdk] AndroidManifest.xml:30:5-32:36
48        android:name="android.hardware.camera.front.autofocus"
48-->[:ekyc_sdk] AndroidManifest.xml:31:9-63
49        android:required="false" />
49-->[:ekyc_sdk] AndroidManifest.xml:32:9-33
50    <uses-feature
50-->[:ekyc_sdk] AndroidManifest.xml:33:5-35:36
51        android:name="android.hardware.camera.level.full"
51-->[:ekyc_sdk] AndroidManifest.xml:34:9-58
52        android:required="false" />
52-->[:ekyc_sdk] AndroidManifest.xml:35:9-33
53    <uses-feature
53-->[:ekyc_sdk] AndroidManifest.xml:36:5-38:36
54        android:name="android.hardware.sensor.proximity"
54-->[:ekyc_sdk] AndroidManifest.xml:37:9-57
55        android:required="false" />
55-->[:ekyc_sdk] AndroidManifest.xml:38:9-33
56    <uses-feature
56-->[:ekyc_sdk] AndroidManifest.xml:39:5-41:36
57        android:name="android.hardware.sensor.gyroscope"
57-->[:ekyc_sdk] AndroidManifest.xml:40:9-57
58        android:required="false" />
58-->[:ekyc_sdk] AndroidManifest.xml:41:9-33
59
60    <uses-permission android:name="android.permission.READ_EXTERNAL_STORAGE" /> <!-- Required by older versions of Google Play services to create IID tokens -->
60-->[:ekyc_sdk] AndroidManifest.xml:43:5-80
60-->[:ekyc_sdk] AndroidManifest.xml:43:22-77
61    <uses-permission android:name="com.google.android.c2dm.permission.RECEIVE" />
61-->[com.google.firebase:firebase-messaging:23.0.0] AndroidManifest.xml:25:5-82
61-->[com.google.firebase:firebase-messaging:23.0.0] AndroidManifest.xml:25:22-79
62    <uses-permission android:name="com.google.android.gms.permission.AD_ID" />
62-->[com.facebook.android:facebook-core:13.0.0] AndroidManifest.xml:28:5-79
62-->[com.facebook.android:facebook-core:13.0.0] AndroidManifest.xml:28:22-76
63    <uses-permission android:name="com.google.android.finsky.permission.BIND_GET_INSTALL_REFERRER_SERVICE" />
63-->[com.google.android.gms:play-services-measurement:20.0.1] AndroidManifest.xml:26:5-110
63-->[com.google.android.gms:play-services-measurement:20.0.1] AndroidManifest.xml:26:22-107
64
65    <application
65-->src/main/AndroidManifest.xml:14:5-103:19
66        android:name="com.itel_mobile.MainApplication"
66-->src/main/AndroidManifest.xml:15:9-40
67        android:allowBackup="true"
67-->src/main/AndroidManifest.xml:16:9-35
68        android:appComponentFactory="androidx.core.app.CoreComponentFactory"
68-->[androidx.core:core:1.6.0] AndroidManifest.xml:24:18-86
69        android:debuggable="true"
70        android:fullBackupContent="true"
70-->[:ekyc_sdk] AndroidManifest.xml:49:9-41
71        android:hardwareAccelerated="true"
71-->src/main/AndroidManifest.xml:17:9-43
72        android:icon="@mipmap/ic_launcher"
72-->src/main/AndroidManifest.xml:18:9-43
73        android:label="@string/app_name"
73-->src/main/AndroidManifest.xml:19:9-41
74        android:largeHeap="true"
74-->src/main/AndroidManifest.xml:20:9-33
75        android:networkSecurityConfig="@xml/network_security_config"
75-->src/main/AndroidManifest.xml:21:9-69
76        android:roundIcon="@mipmap/ic_launcher"
76-->src/main/AndroidManifest.xml:22:9-48
77        android:supportsRtl="true"
77-->[com.facebook.android:facebook-android-sdk:13.0.0] AndroidManifest.xml:28:18-44
78        android:theme="@style/AppTheme"
78-->src/main/AndroidManifest.xml:23:9-40
79        android:usesCleartextTraffic="true" >
79-->src/main/AndroidManifest.xml:24:9-44
80        <activity android:name="com.facebook.react.devsupport.DevSettingsActivity" />
80-->src/debug/AndroidManifest.xml:11:9-86
80-->src/debug/AndroidManifest.xml:11:19-83
81
82        <meta-data
82-->src/main/AndroidManifest.xml:27:9-29:45
83            android:name="com.zing.zalo.zalosdk.appID"
83-->src/main/AndroidManifest.xml:28:13-55
84            android:value="@string/appID" />
84-->src/main/AndroidManifest.xml:29:13-42
85        <meta-data
85-->src/main/AndroidManifest.xml:31:9-33:55
86            android:name="com.facebook.sdk.ApplicationId"
86-->src/main/AndroidManifest.xml:32:13-58
87            android:value="@string/facebook_app_id" />
87-->src/main/AndroidManifest.xml:33:13-52
88        <meta-data
88-->src/main/AndroidManifest.xml:34:9-36:61
89            android:name="com.facebook.sdk.ClientToken"
89-->src/main/AndroidManifest.xml:35:13-56
90            android:value="@string/facebook_client_token" />
90-->src/main/AndroidManifest.xml:36:13-58
91        <meta-data
91-->src/main/AndroidManifest.xml:38:9-40:37
92            android:name="com.facebook.sdk.AutoLogAppEventsEnabled"
92-->src/main/AndroidManifest.xml:39:13-68
93            android:value="false" />
93-->src/main/AndroidManifest.xml:40:13-34
94        <meta-data
94-->src/main/AndroidManifest.xml:41:9-43:37
95            android:name="com.facebook.sdk.AdvertiserIDCollectionEnabled"
95-->src/main/AndroidManifest.xml:42:13-74
96            android:value="false" />
96-->src/main/AndroidManifest.xml:43:13-34
97
98        <provider
98-->src/main/AndroidManifest.xml:45:9-48:39
99            android:name="com.facebook.FacebookContentProvider"
99-->src/main/AndroidManifest.xml:46:13-64
100            android:authorities="com.facebook.app.FacebookContentProvider503011200958556"
100-->src/main/AndroidManifest.xml:47:13-90
101            android:exported="true" />
101-->src/main/AndroidManifest.xml:48:13-36
102
103        <activity
103-->src/main/AndroidManifest.xml:50:9-53:48
104            android:name="com.facebook.FacebookActivity"
104-->src/main/AndroidManifest.xml:51:13-57
105            android:configChanges="keyboard|keyboardHidden|screenLayout|screenSize|orientation"
105-->src/main/AndroidManifest.xml:52:13-96
106            android:label="@string/app_name"
106-->src/main/AndroidManifest.xml:53:13-45
107            android:theme="@style/com_facebook_activity_theme" />
107-->[com.facebook.android:facebook-common:13.0.0] AndroidManifest.xml:33:13-63
108        <activity
108-->src/main/AndroidManifest.xml:55:9-74:20
109            android:name="com.itel_mobile.MainActivity"
109-->src/main/AndroidManifest.xml:56:13-41
110            android:configChanges="keyboard|keyboardHidden|orientation|screenSize|uiMode|screenLayout|smallestScreenSize"
110-->src/main/AndroidManifest.xml:57:13-122
111            android:exported="true"
111-->src/main/AndroidManifest.xml:58:13-36
112            android:label="@string/app_name"
112-->src/main/AndroidManifest.xml:59:13-45
113            android:launchMode="singleTask"
113-->src/main/AndroidManifest.xml:60:13-44
114            android:networkSecurityConfig="@xml/network_security_config"
114-->src/main/AndroidManifest.xml:61:13-73
115            android:windowSoftInputMode="adjustPan" >
115-->src/main/AndroidManifest.xml:62:13-52
116            <intent-filter>
116-->src/main/AndroidManifest.xml:63:13-66:29
117                <action android:name="android.intent.action.MAIN" />
117-->src/main/AndroidManifest.xml:64:17-69
117-->src/main/AndroidManifest.xml:64:25-66
118
119                <category android:name="android.intent.category.LAUNCHER" />
119-->src/main/AndroidManifest.xml:65:17-77
119-->src/main/AndroidManifest.xml:65:27-74
120            </intent-filter>
121            <intent-filter>
121-->src/main/AndroidManifest.xml:68:13-73:29
122                <action android:name="android.intent.action.VIEW" />
122-->src/main/AndroidManifest.xml:69:17-68
122-->src/main/AndroidManifest.xml:69:25-66
123
124                <category android:name="android.intent.category.BROWSABLE" />
124-->src/main/AndroidManifest.xml:70:17-77
124-->src/main/AndroidManifest.xml:70:27-75
125                <category android:name="android.intent.category.DEFAULT" />
125-->src/main/AndroidManifest.xml:71:17-75
125-->src/main/AndroidManifest.xml:71:27-73
126
127                <data android:scheme="com.itel.myitel" />
127-->src/main/AndroidManifest.xml:72:17-59
127-->src/main/AndroidManifest.xml:72:23-55
128            </intent-filter>
129        </activity> <!-- Facebook activity -->
130        <activity
130-->src/main/AndroidManifest.xml:76:9-87:20
131            android:name="com.facebook.CustomTabActivity"
131-->src/main/AndroidManifest.xml:77:13-58
132            android:exported="true" >
132-->src/main/AndroidManifest.xml:78:13-36
133            <intent-filter>
133-->src/main/AndroidManifest.xml:79:13-86:29
134                <action android:name="android.intent.action.VIEW" />
134-->src/main/AndroidManifest.xml:69:17-68
134-->src/main/AndroidManifest.xml:69:25-66
135
136                <category android:name="android.intent.category.DEFAULT" />
136-->src/main/AndroidManifest.xml:71:17-75
136-->src/main/AndroidManifest.xml:71:27-73
137                <category android:name="android.intent.category.BROWSABLE" />
137-->src/main/AndroidManifest.xml:70:17-77
137-->src/main/AndroidManifest.xml:70:27-75
138
139                <data android:scheme="@string/fb_login_protocol_scheme" />
139-->src/main/AndroidManifest.xml:72:17-59
139-->src/main/AndroidManifest.xml:72:23-55
140            </intent-filter>
141            <intent-filter>
141-->[com.facebook.android:facebook-common:13.0.0] AndroidManifest.xml:39:13-48:29
142                <action android:name="android.intent.action.VIEW" />
142-->src/main/AndroidManifest.xml:69:17-68
142-->src/main/AndroidManifest.xml:69:25-66
143
144                <category android:name="android.intent.category.DEFAULT" />
144-->src/main/AndroidManifest.xml:71:17-75
144-->src/main/AndroidManifest.xml:71:27-73
145                <category android:name="android.intent.category.BROWSABLE" />
145-->src/main/AndroidManifest.xml:70:17-77
145-->src/main/AndroidManifest.xml:70:27-75
146
147                <data
147-->src/main/AndroidManifest.xml:72:17-59
148                    android:host="cct.com.itel_mobile"
149                    android:scheme="fbconnect" />
149-->src/main/AndroidManifest.xml:72:23-55
150            </intent-filter>
151        </activity>
152        <activity
152-->src/main/AndroidManifest.xml:89:9-101:20
153            android:name="com.zing.zalo.zalosdk.oauth.BrowserLoginActivity"
153-->src/main/AndroidManifest.xml:90:13-76
154            android:exported="true" >
154-->src/main/AndroidManifest.xml:91:13-36
155            <intent-filter>
155-->src/main/AndroidManifest.xml:92:13-100:29
156                <action android:name="android.intent.action.VIEW" />
156-->src/main/AndroidManifest.xml:69:17-68
156-->src/main/AndroidManifest.xml:69:25-66
157
158                <category android:name="android.intent.category.DEFAULT" />
158-->src/main/AndroidManifest.xml:71:17-75
158-->src/main/AndroidManifest.xml:71:27-73
159                <category android:name="android.intent.category.BROWSABLE" />
159-->src/main/AndroidManifest.xml:70:17-77
159-->src/main/AndroidManifest.xml:70:27-75
160
161                <data android:scheme="zalo-4580650277437389007" />
161-->src/main/AndroidManifest.xml:72:17-59
161-->src/main/AndroidManifest.xml:72:23-55
162                <!-- eg: <data android:scheme="zalo-1234567890" /> -->
163            </intent-filter>
164        </activity>
165
166        <meta-data
166-->[:react-native-firebase_analytics] AndroidManifest.xml:14:9-16:36
167            android:name="firebase_analytics_collection_enabled"
167-->[:react-native-firebase_analytics] AndroidManifest.xml:15:13-65
168            android:value="true" />
168-->[:react-native-firebase_analytics] AndroidManifest.xml:16:13-33
169        <meta-data
169-->[:react-native-firebase_analytics] AndroidManifest.xml:17:9-19:37
170            android:name="firebase_analytics_collection_deactivated"
170-->[:react-native-firebase_analytics] AndroidManifest.xml:18:13-69
171            android:value="false" />
171-->[:react-native-firebase_analytics] AndroidManifest.xml:19:13-34
172        <meta-data
172-->[:react-native-firebase_analytics] AndroidManifest.xml:20:9-22:36
173            android:name="google_analytics_adid_collection_enabled"
173-->[:react-native-firebase_analytics] AndroidManifest.xml:21:13-68
174            android:value="true" />
174-->[:react-native-firebase_analytics] AndroidManifest.xml:22:13-33
175        <meta-data
175-->[:react-native-firebase_analytics] AndroidManifest.xml:23:9-25:36
176            android:name="google_analytics_ssaid_collection_enabled"
176-->[:react-native-firebase_analytics] AndroidManifest.xml:24:13-69
177            android:value="true" />
177-->[:react-native-firebase_analytics] AndroidManifest.xml:25:13-33
178        <meta-data
178-->[:react-native-firebase_analytics] AndroidManifest.xml:26:9-28:36
179            android:name="google_analytics_default_allow_ad_personalization_signals"
179-->[:react-native-firebase_analytics] AndroidManifest.xml:27:13-85
180            android:value="true" /> <!-- Disable crashlytics by default so we can custom init with CrashlyticsNdk support -->
180-->[:react-native-firebase_analytics] AndroidManifest.xml:28:13-33
181        <meta-data
181-->[:react-native-firebase_crashlytics] AndroidManifest.xml:12:9-14:37
182            android:name="firebase_crashlytics_collection_enabled"
182-->[:react-native-firebase_crashlytics] AndroidManifest.xml:13:13-67
183            android:value="false" />
183-->[:react-native-firebase_crashlytics] AndroidManifest.xml:14:13-34
184
185        <provider
185-->[:react-native-firebase_crashlytics] AndroidManifest.xml:16:9-20:38
186            android:name="io.invertase.firebase.crashlytics.ReactNativeFirebaseCrashlyticsInitProvider"
186-->[:react-native-firebase_crashlytics] AndroidManifest.xml:17:13-104
187            android:authorities="com.itel_mobile.reactnativefirebasecrashlyticsinitprovider"
187-->[:react-native-firebase_crashlytics] AndroidManifest.xml:18:13-94
188            android:exported="false"
188-->[:react-native-firebase_crashlytics] AndroidManifest.xml:19:13-37
189            android:initOrder="98" />
189-->[:react-native-firebase_crashlytics] AndroidManifest.xml:20:13-35
190
191        <meta-data
191-->[:react-native-firebase_in-app-messaging] AndroidManifest.xml:10:9-12:36
192            android:name="in_app_messaging_auto_collection_enabled"
192-->[:react-native-firebase_in-app-messaging] AndroidManifest.xml:11:13-68
193            android:value="true" />
193-->[:react-native-firebase_in-app-messaging] AndroidManifest.xml:12:13-33
194
195        <service android:name="io.invertase.firebase.messaging.ReactNativeFirebaseMessagingHeadlessService" />
195-->[:react-native-firebase_messaging] AndroidManifest.xml:14:9-111
195-->[:react-native-firebase_messaging] AndroidManifest.xml:14:18-108
196        <service
196-->[:react-native-firebase_messaging] AndroidManifest.xml:15:9-21:19
197            android:name="io.invertase.firebase.messaging.ReactNativeFirebaseMessagingService"
197-->[:react-native-firebase_messaging] AndroidManifest.xml:16:13-95
198            android:exported="false" >
198-->[:react-native-firebase_messaging] AndroidManifest.xml:17:13-37
199            <intent-filter>
199-->[:react-native-firebase_messaging] AndroidManifest.xml:18:13-20:29
200                <action android:name="com.google.firebase.MESSAGING_EVENT" />
200-->[:react-native-firebase_messaging] AndroidManifest.xml:19:17-78
200-->[:react-native-firebase_messaging] AndroidManifest.xml:19:25-75
201            </intent-filter>
202        </service>
203
204        <receiver
204-->[:react-native-firebase_messaging] AndroidManifest.xml:23:9-30:20
205            android:name="io.invertase.firebase.messaging.ReactNativeFirebaseMessagingReceiver"
205-->[:react-native-firebase_messaging] AndroidManifest.xml:24:13-96
206            android:exported="true"
206-->[:react-native-firebase_messaging] AndroidManifest.xml:25:13-36
207            android:permission="com.google.android.c2dm.permission.SEND" >
207-->[:react-native-firebase_messaging] AndroidManifest.xml:26:13-73
208            <intent-filter>
208-->[:react-native-firebase_messaging] AndroidManifest.xml:27:13-29:29
209                <action android:name="com.google.android.c2dm.intent.RECEIVE" />
209-->[:react-native-firebase_messaging] AndroidManifest.xml:28:17-81
209-->[:react-native-firebase_messaging] AndroidManifest.xml:28:25-78
210            </intent-filter>
211        </receiver>
212
213        <meta-data
213-->[:react-native-firebase_messaging] AndroidManifest.xml:32:9-34:36
214            android:name="firebase_messaging_auto_init_enabled"
214-->[:react-native-firebase_messaging] AndroidManifest.xml:33:13-64
215            android:value="true" />
215-->[:react-native-firebase_messaging] AndroidManifest.xml:34:13-33
216        <meta-data
216-->[:react-native-firebase_messaging] AndroidManifest.xml:35:9-37:45
217            android:name="com.google.firebase.messaging.default_notification_channel_id"
217-->[:react-native-firebase_messaging] AndroidManifest.xml:36:13-89
218            android:value="high-priority" />
218-->[:react-native-firebase_messaging] AndroidManifest.xml:37:13-42
219        <meta-data
219-->[:react-native-firebase_messaging] AndroidManifest.xml:38:9-40:47
220            android:name="com.google.firebase.messaging.default_notification_color"
220-->[:react-native-firebase_messaging] AndroidManifest.xml:39:13-84
221            android:resource="@color/white" />
221-->[:react-native-firebase_messaging] AndroidManifest.xml:40:13-44
222        <meta-data
222-->[:react-native-firebase_perf] AndroidManifest.xml:10:9-12:36
223            android:name="firebase_performance_collection_enabled"
223-->[:react-native-firebase_perf] AndroidManifest.xml:11:13-67
224            android:value="true" />
224-->[:react-native-firebase_perf] AndroidManifest.xml:12:13-33
225        <meta-data
225-->[:react-native-firebase_perf] AndroidManifest.xml:13:9-15:37
226            android:name="firebase_performance_collection_deactivated"
226-->[:react-native-firebase_perf] AndroidManifest.xml:14:13-71
227            android:value="false" />
227-->[:react-native-firebase_perf] AndroidManifest.xml:15:13-34
228        <meta-data
228-->[:react-native-firebase_app] AndroidManifest.xml:10:9-12:36
229            android:name="app_data_collection_default_enabled"
229-->[:react-native-firebase_app] AndroidManifest.xml:11:13-63
230            android:value="true" />
230-->[:react-native-firebase_app] AndroidManifest.xml:12:13-33
231
232        <service
232-->[:react-native-firebase_app] AndroidManifest.xml:14:9-18:19
233            android:name="com.google.firebase.components.ComponentDiscoveryService"
233-->[:react-native-firebase_app] AndroidManifest.xml:14:18-89
234            android:directBootAware="true"
234-->[com.google.firebase:firebase-common:20.0.0] AndroidManifest.xml:35:13-43
235            android:exported="false" >
235-->[com.google.firebase:firebase-inappmessaging-display:20.1.1] AndroidManifest.xml:25:13-37
236            <meta-data
236-->[:react-native-firebase_app] AndroidManifest.xml:15:13-17:85
237                android:name="com.google.firebase.components:io.invertase.firebase.app.ReactNativeFirebaseAppRegistrar"
237-->[:react-native-firebase_app] AndroidManifest.xml:16:17-120
238                android:value="com.google.firebase.components.ComponentRegistrar" />
238-->[:react-native-firebase_app] AndroidManifest.xml:17:17-82
239            <meta-data
239-->[com.google.firebase:firebase-inappmessaging-display:20.1.1] AndroidManifest.xml:26:13-28:85
240                android:name="com.google.firebase.components:com.google.firebase.inappmessaging.display.FirebaseInAppMessagingDisplayRegistrar"
240-->[com.google.firebase:firebase-inappmessaging-display:20.1.1] AndroidManifest.xml:27:17-144
241                android:value="com.google.firebase.components.ComponentRegistrar" />
241-->[com.google.firebase:firebase-inappmessaging-display:20.1.1] AndroidManifest.xml:28:17-82
242            <meta-data
242-->[com.google.firebase:firebase-auth:21.0.1] AndroidManifest.xml:77:13-79:85
243                android:name="com.google.firebase.components:com.google.firebase.auth.FirebaseAuthRegistrar"
243-->[com.google.firebase:firebase-auth:21.0.1] AndroidManifest.xml:78:17-109
244                android:value="com.google.firebase.components.ComponentRegistrar" />
244-->[com.google.firebase:firebase-auth:21.0.1] AndroidManifest.xml:79:17-82
245            <meta-data
245-->[com.google.firebase:firebase-perf:20.0.4] AndroidManifest.xml:23:13-25:85
246                android:name="com.google.firebase.components:com.google.firebase.perf.FirebasePerfRegistrar"
246-->[com.google.firebase:firebase-perf:20.0.4] AndroidManifest.xml:24:17-109
247                android:value="com.google.firebase.components.ComponentRegistrar" />
247-->[com.google.firebase:firebase-perf:20.0.4] AndroidManifest.xml:25:17-82
248            <meta-data
248-->[com.google.firebase:firebase-inappmessaging:20.1.1] AndroidManifest.xml:17:13-19:85
249                android:name="com.google.firebase.components:com.google.firebase.inappmessaging.FirebaseInAppMessagingRegistrar"
249-->[com.google.firebase:firebase-inappmessaging:20.1.1] AndroidManifest.xml:18:17-129
250                android:value="com.google.firebase.components.ComponentRegistrar" />
250-->[com.google.firebase:firebase-inappmessaging:20.1.1] AndroidManifest.xml:19:17-82
251            <meta-data
251-->[com.google.firebase:firebase-messaging:23.0.0] AndroidManifest.xml:52:13-54:85
252                android:name="com.google.firebase.components:com.google.firebase.messaging.FirebaseMessagingRegistrar"
252-->[com.google.firebase:firebase-messaging:23.0.0] AndroidManifest.xml:53:17-119
253                android:value="com.google.firebase.components.ComponentRegistrar" />
253-->[com.google.firebase:firebase-messaging:23.0.0] AndroidManifest.xml:54:17-82
254            <meta-data
254-->[com.google.firebase:firebase-crashlytics-ndk:18.2.6] AndroidManifest.xml:35:13-37:85
255                android:name="com.google.firebase.components:com.google.firebase.crashlytics.ndk.CrashlyticsNdkRegistrar"
255-->[com.google.firebase:firebase-crashlytics-ndk:18.2.6] AndroidManifest.xml:36:17-122
256                android:value="com.google.firebase.components.ComponentRegistrar" />
256-->[com.google.firebase:firebase-crashlytics-ndk:18.2.6] AndroidManifest.xml:37:17-82
257            <meta-data
257-->[com.google.firebase:firebase-crashlytics:18.2.6] AndroidManifest.xml:18:13-20:85
258                android:name="com.google.firebase.components:com.google.firebase.crashlytics.CrashlyticsRegistrar"
258-->[com.google.firebase:firebase-crashlytics:18.2.6] AndroidManifest.xml:19:17-115
259                android:value="com.google.firebase.components.ComponentRegistrar" />
259-->[com.google.firebase:firebase-crashlytics:18.2.6] AndroidManifest.xml:20:17-82
260            <meta-data
260-->[com.google.firebase:firebase-datatransport:18.1.1] AndroidManifest.xml:28:13-30:85
261                android:name="com.google.firebase.components:com.google.firebase.datatransport.TransportRegistrar"
261-->[com.google.firebase:firebase-datatransport:18.1.1] AndroidManifest.xml:29:17-115
262                android:value="com.google.firebase.components.ComponentRegistrar" />
262-->[com.google.firebase:firebase-datatransport:18.1.1] AndroidManifest.xml:30:17-82
263            <meta-data
263-->[com.google.firebase:firebase-appcheck:16.0.0-beta04] AndroidManifest.xml:28:13-30:85
264                android:name="com.google.firebase.components:com.google.firebase.appcheck.FirebaseAppCheckRegistrar"
264-->[com.google.firebase:firebase-appcheck:16.0.0-beta04] AndroidManifest.xml:29:17-117
265                android:value="com.google.firebase.components.ComponentRegistrar" />
265-->[com.google.firebase:firebase-appcheck:16.0.0-beta04] AndroidManifest.xml:30:17-82
266            <meta-data
266-->[com.google.firebase:firebase-config:21.0.1] AndroidManifest.xml:32:13-34:85
267                android:name="com.google.firebase.components:com.google.firebase.remoteconfig.RemoteConfigRegistrar"
267-->[com.google.firebase:firebase-config:21.0.1] AndroidManifest.xml:33:17-117
268                android:value="com.google.firebase.components.ComponentRegistrar" />
268-->[com.google.firebase:firebase-config:21.0.1] AndroidManifest.xml:34:17-82
269            <meta-data
269-->[com.google.android.gms:play-services-measurement-api:20.0.1] AndroidManifest.xml:30:13-32:85
270                android:name="com.google.firebase.components:com.google.firebase.analytics.connector.internal.AnalyticsConnectorRegistrar"
270-->[com.google.android.gms:play-services-measurement-api:20.0.1] AndroidManifest.xml:31:17-139
271                android:value="com.google.firebase.components.ComponentRegistrar" />
271-->[com.google.android.gms:play-services-measurement-api:20.0.1] AndroidManifest.xml:32:17-82
272            <meta-data
272-->[com.google.firebase:firebase-installations:17.0.0] AndroidManifest.xml:18:13-20:85
273                android:name="com.google.firebase.components:com.google.firebase.installations.FirebaseInstallationsRegistrar"
273-->[com.google.firebase:firebase-installations:17.0.0] AndroidManifest.xml:19:17-127
274                android:value="com.google.firebase.components.ComponentRegistrar" />
274-->[com.google.firebase:firebase-installations:17.0.0] AndroidManifest.xml:20:17-82
275            <meta-data
275-->[com.google.firebase:firebase-abt:21.0.0] AndroidManifest.xml:13:13-15:85
276                android:name="com.google.firebase.components:com.google.firebase.abt.component.AbtRegistrar"
276-->[com.google.firebase:firebase-abt:21.0.0] AndroidManifest.xml:14:17-109
277                android:value="com.google.firebase.components.ComponentRegistrar" />
277-->[com.google.firebase:firebase-abt:21.0.0] AndroidManifest.xml:15:17-82
278        </service>
279
280        <provider
280-->[:react-native-firebase_app] AndroidManifest.xml:20:9-24:38
281            android:name="io.invertase.firebase.app.ReactNativeFirebaseAppInitProvider"